{"/Users/hopephilip/Desktop/Work/ny-articles/src/components/layout.tsx": {"path":"/Users/hopephilip/Desktop/Work/ny-articles/src/components/layout.tsx","statementMap":{"0":{"start":{"line":1,"column":0},"end":{"line":1,"column":42}},"1":{"start":{"line":4,"column":2},"end":{"line":15,"column":4}},"2":{"start":{"line":18,"column":0},"end":{"line":18,"column":22}}},"fnMap":{"0":{"name":"Layout","decl":{"start":{"line":3,"column":9},"end":{"line":3,"column":15}},"loc":{"start":{"line":3,"column":15},"end":{"line":16,"column":1}}}},"branchMap":{},"s":{"0":1,"1":1,"2":1},"f":{"0":1},"b":{}}
,"/Users/hopephilip/Desktop/Work/ny-articles/src/components/Article/ArticleList.tsx": {"path":"/Users/hopephilip/Desktop/Work/ny-articles/src/components/Article/ArticleList.tsx","statementMap":{"0":{"start":{"line":6,"column":0},"end":{"line":6,"column":24}},"1":{"start":{"line":1,"column":0},"end":{"line":1,"column":61}},"2":{"start":{"line":2,"column":0},"end":{"line":2,"column":50}},"3":{"start":{"line":7,"column":2},"end":{"line":8,"column":75}},"4":{"start":{"line":8,"column":4},"end":{"line":8,"column":75}},"5":{"start":{"line":10,"column":2},"end":{"line":54,"column":4}},"6":{"start":{"line":13,"column":8},"end":{"line":14,"column":null}},"7":{"start":{"line":15,"column":25},"end":{"line":15,"column":42}}},"fnMap":{"0":{"name":"ArticleList","decl":{"start":{"line":6,"column":24},"end":{"line":6,"column":35}},"loc":{"start":{"line":6,"column":76},"end":{"line":55,"column":1}}},"1":{"name":"(anonymous_1)","decl":{"start":{"line":12,"column":20},"end":{"line":12,"column":21}},"loc":{"start":{"line":13,"column":8},"end":{"line":14,"column":null}}},"2":{"name":"(anonymous_2)","decl":{"start":{"line":15,"column":19},"end":{"line":15,"column":22}},"loc":{"start":{"line":15,"column":25},"end":{"line":15,"column":42}}}},"branchMap":{"0":{"loc":{"start":{"line":7,"column":2},"end":{"line":8,"column":75}},"type":"if","locations":[{"start":{"line":7,"column":2},"end":{"line":8,"column":75}}]},"1":{"loc":{"start":{"line":21,"column":15},"end":{"line":30,"column":null}},"type":"binary-expr","locations":[{"start":{"line":21,"column":15},"end":{"line":21,"column":63}},{"start":{"line":22,"column":16},"end":{"line":29,"column":null}}]},"2":{"loc":{"start":{"line":37,"column":17},"end":{"line":40,"column":null}},"type":"binary-expr","locations":[{"start":{"line":37,"column":17},"end":{"line":37,"column":38}},{"start":{"line":38,"column":18},"end":{"line":39,"column":null}}]},"3":{"loc":{"start":{"line":45,"column":15},"end":{"line":46,"column":null}},"type":"binary-expr","locations":[{"start":{"line":45,"column":15},"end":{"line":45,"column":30}},{"start":{"line":46,"column":16},"end":{"line":46,"column":68}}]},"4":{"loc":{"start":{"line":48,"column":15},"end":{"line":48,"column":64}},"type":"binary-expr","locations":[{"start":{"line":48,"column":15},"end":{"line":48,"column":29}},{"start":{"line":48,"column":33},"end":{"line":48,"column":64}}]}},"s":{"0":1,"1":1,"2":1,"3":2,"4":1,"5":1,"6":1,"7":0},"f":{"0":2,"1":1,"2":0},"b":{"0":[1],"1":[1,0],"2":[1,0],"3":[1,1],"4":[1,1]}}
,"/Users/hopephilip/Desktop/Work/ny-articles/src/components/ui/badge.tsx": {"path":"/Users/hopephilip/Desktop/Work/ny-articles/src/components/ui/badge.tsx","statementMap":{"0":{"start":{"line":46,"column":9},"end":{"line":46,"column":14}},"1":{"start":{"line":1,"column":0},"end":{"line":1,"column":31}},"2":{"start":{"line":2,"column":0},"end":{"line":2,"column":44}},"3":{"start":{"line":3,"column":0},"end":{"line":3,"column":66}},"4":{"start":{"line":5,"column":0},"end":{"line":5,"column":37}},"5":{"start":{"line":7,"column":22},"end":{"line":25,"column":null}},"6":{"start":{"line":46,"column":16},"end":{"line":46,"column":29}},"7":{"start":{"line":35,"column":15},"end":{"line":35,"column":38}},"8":{"start":{"line":37,"column":2},"end":{"line":43,"column":4}}},"fnMap":{"0":{"name":"Badge","decl":{"start":{"line":28,"column":9},"end":{"line":28,"column":14}},"loc":{"start":{"line":34,"column":60},"end":{"line":44,"column":1}}}},"branchMap":{"0":{"loc":{"start":{"line":31,"column":2},"end":{"line":31,"column":17}},"type":"default-arg","locations":[{"start":{"line":31,"column":12},"end":{"line":31,"column":17}}]},"1":{"loc":{"start":{"line":35,"column":15},"end":{"line":35,"column":38}},"type":"cond-expr","locations":[{"start":{"line":35,"column":25},"end":{"line":35,"column":29}},{"start":{"line":35,"column":32},"end":{"line":35,"column":38}}]}},"s":{"0":2,"1":2,"2":2,"3":2,"4":2,"5":2,"6":2,"7":2,"8":2},"f":{"0":2},"b":{"0":[2],"1":[0,2]}}
,"/Users/hopephilip/Desktop/Work/ny-articles/src/components/ui/button.tsx": {"path":"/Users/hopephilip/Desktop/Work/ny-articles/src/components/ui/button.tsx","statementMap":{"0":{"start":{"line":58,"column":9},"end":{"line":58,"column":15}},"1":{"start":{"line":1,"column":0},"end":{"line":1,"column":31}},"2":{"start":{"line":2,"column":0},"end":{"line":2,"column":44}},"3":{"start":{"line":3,"column":0},"end":{"line":3,"column":66}},"4":{"start":{"line":5,"column":0},"end":{"line":5,"column":37}},"5":{"start":{"line":7,"column":23},"end":{"line":34,"column":null}},"6":{"start":{"line":58,"column":17},"end":{"line":58,"column":31}},"7":{"start":{"line":47,"column":15},"end":{"line":47,"column":40}},"8":{"start":{"line":49,"column":2},"end":{"line":55,"column":4}}},"fnMap":{"0":{"name":"Button","decl":{"start":{"line":37,"column":9},"end":{"line":37,"column":15}},"loc":{"start":{"line":46,"column":3},"end":{"line":56,"column":1}}}},"branchMap":{"0":{"loc":{"start":{"line":41,"column":2},"end":{"line":41,"column":17}},"type":"default-arg","locations":[{"start":{"line":41,"column":12},"end":{"line":41,"column":17}}]},"1":{"loc":{"start":{"line":47,"column":15},"end":{"line":47,"column":40}},"type":"cond-expr","locations":[{"start":{"line":47,"column":25},"end":{"line":47,"column":29}},{"start":{"line":47,"column":32},"end":{"line":47,"column":40}}]}},"s":{"0":1,"1":1,"2":1,"3":1,"4":1,"5":1,"6":1,"7":0,"8":0},"f":{"0":0},"b":{"0":[0],"1":[0,0]}}
,"/Users/hopephilip/Desktop/Work/ny-articles/src/components/ui/card.tsx": {"path":"/Users/hopephilip/Desktop/Work/ny-articles/src/components/ui/card.tsx","statementMap":{"0":{"start":{"line":85,"column":2},"end":{"line":85,"column":6}},"1":{"start":{"line":86,"column":2},"end":{"line":86,"column":12}},"2":{"start":{"line":87,"column":2},"end":{"line":87,"column":12}},"3":{"start":{"line":88,"column":2},"end":{"line":88,"column":11}},"4":{"start":{"line":89,"column":2},"end":{"line":89,"column":12}},"5":{"start":{"line":90,"column":2},"end":{"line":90,"column":17}},"6":{"start":{"line":91,"column":2},"end":{"line":91,"column":13}},"7":{"start":{"line":1,"column":0},"end":{"line":1,"column":31}},"8":{"start":{"line":3,"column":0},"end":{"line":3,"column":37}},"9":{"start":{"line":6,"column":2},"end":{"line":15,"column":4}},"10":{"start":{"line":19,"column":2},"end":{"line":28,"column":4}},"11":{"start":{"line":32,"column":2},"end":{"line":38,"column":4}},"12":{"start":{"line":42,"column":2},"end":{"line":48,"column":4}},"13":{"start":{"line":52,"column":2},"end":{"line":61,"column":4}},"14":{"start":{"line":65,"column":2},"end":{"line":71,"column":4}},"15":{"start":{"line":75,"column":2},"end":{"line":81,"column":4}}},"fnMap":{"0":{"name":"Card","decl":{"start":{"line":5,"column":9},"end":{"line":5,"column":13}},"loc":{"start":{"line":5,"column":66},"end":{"line":16,"column":1}}},"1":{"name":"CardHeader","decl":{"start":{"line":18,"column":9},"end":{"line":18,"column":19}},"loc":{"start":{"line":18,"column":72},"end":{"line":29,"column":1}}},"2":{"name":"CardTitle","decl":{"start":{"line":31,"column":9},"end":{"line":31,"column":18}},"loc":{"start":{"line":31,"column":71},"end":{"line":39,"column":1}}},"3":{"name":"CardDescription","decl":{"start":{"line":41,"column":9},"end":{"line":41,"column":24}},"loc":{"start":{"line":41,"column":77},"end":{"line":49,"column":1}}},"4":{"name":"CardAction","decl":{"start":{"line":51,"column":9},"end":{"line":51,"column":19}},"loc":{"start":{"line":51,"column":72},"end":{"line":62,"column":1}}},"5":{"name":"CardContent","decl":{"start":{"line":64,"column":9},"end":{"line":64,"column":20}},"loc":{"start":{"line":64,"column":73},"end":{"line":72,"column":1}}},"6":{"name":"CardFooter","decl":{"start":{"line":74,"column":9},"end":{"line":74,"column":19}},"loc":{"start":{"line":74,"column":72},"end":{"line":82,"column":1}}}},"branchMap":{},"s":{"0":1,"1":1,"2":1,"3":1,"4":1,"5":1,"6":1,"7":1,"8":1,"9":1,"10":0,"11":0,"12":0,"13":0,"14":1,"15":0},"f":{"0":1,"1":0,"2":0,"3":0,"4":0,"5":1,"6":0},"b":{}}
,"/Users/hopephilip/Desktop/Work/ny-articles/src/components/ui/select.tsx": {"path":"/Users/hopephilip/Desktop/Work/ny-articles/src/components/ui/select.tsx","statementMap":{"0":{"start":{"line":173,"column":2},"end":{"line":173,"column":8}},"1":{"start":{"line":174,"column":2},"end":{"line":174,"column":15}},"2":{"start":{"line":175,"column":2},"end":{"line":175,"column":13}},"3":{"start":{"line":176,"column":2},"end":{"line":176,"column":12}},"4":{"start":{"line":177,"column":2},"end":{"line":177,"column":13}},"5":{"start":{"line":178,"column":2},"end":{"line":178,"column":24}},"6":{"start":{"line":179,"column":2},"end":{"line":179,"column":22}},"7":{"start":{"line":180,"column":2},"end":{"line":180,"column":17}},"8":{"start":{"line":181,"column":2},"end":{"line":181,"column":15}},"9":{"start":{"line":182,"column":2},"end":{"line":182,"column":13}},"10":{"start":{"line":1,"column":0},"end":{"line":1,"column":31}},"11":{"start":{"line":2,"column":0},"end":{"line":2,"column":58}},"12":{"start":{"line":3,"column":0},"end":{"line":3,"column":73}},"13":{"start":{"line":5,"column":0},"end":{"line":5,"column":37}},"14":{"start":{"line":10,"column":2},"end":{"line":10,"column":64}},"15":{"start":{"line":16,"column":2},"end":{"line":16,"column":71}},"16":{"start":{"line":22,"column":2},"end":{"line":22,"column":71}},"17":{"start":{"line":33,"column":2},"end":{"line":48,"column":4}},"18":{"start":{"line":57,"column":2},"end":{"line":83,"column":4}},"19":{"start":{"line":90,"column":2},"end":{"line":96,"column":4}},"20":{"start":{"line":104,"column":2},"end":{"line":120,"column":4}},"21":{"start":{"line":127,"column":2},"end":{"line":133,"column":4}},"22":{"start":{"line":140,"column":2},"end":{"line":151,"column":4}},"23":{"start":{"line":158,"column":2},"end":{"line":169,"column":4}}},"fnMap":{"0":{"name":"Select","decl":{"start":{"line":7,"column":9},"end":{"line":7,"column":15}},"loc":{"start":{"line":9,"column":52},"end":{"line":11,"column":1}}},"1":{"name":"SelectGroup","decl":{"start":{"line":13,"column":9},"end":{"line":13,"column":20}},"loc":{"start":{"line":15,"column":53},"end":{"line":17,"column":1}}},"2":{"name":"SelectValue","decl":{"start":{"line":19,"column":9},"end":{"line":19,"column":20}},"loc":{"start":{"line":21,"column":53},"end":{"line":23,"column":1}}},"3":{"name":"SelectTrigger","decl":{"start":{"line":25,"column":9},"end":{"line":25,"column":22}},"loc":{"start":{"line":32,"column":1},"end":{"line":49,"column":1}}},"4":{"name":"SelectContent","decl":{"start":{"line":51,"column":9},"end":{"line":51,"column":22}},"loc":{"start":{"line":56,"column":55},"end":{"line":84,"column":1}}},"5":{"name":"SelectLabel","decl":{"start":{"line":86,"column":9},"end":{"line":86,"column":20}},"loc":{"start":{"line":89,"column":53},"end":{"line":97,"column":1}}},"6":{"name":"SelectItem","decl":{"start":{"line":99,"column":9},"end":{"line":99,"column":19}},"loc":{"start":{"line":103,"column":52},"end":{"line":121,"column":1}}},"7":{"name":"SelectSeparator","decl":{"start":{"line":123,"column":9},"end":{"line":123,"column":24}},"loc":{"start":{"line":126,"column":57},"end":{"line":134,"column":1}}},"8":{"name":"SelectScrollUpButton","decl":{"start":{"line":136,"column":9},"end":{"line":136,"column":29}},"loc":{"start":{"line":139,"column":62},"end":{"line":152,"column":1}}},"9":{"name":"SelectScrollDownButton","decl":{"start":{"line":154,"column":9},"end":{"line":154,"column":31}},"loc":{"start":{"line":157,"column":64},"end":{"line":170,"column":1}}}},"branchMap":{"0":{"loc":{"start":{"line":27,"column":2},"end":{"line":27,"column":18}},"type":"default-arg","locations":[{"start":{"line":27,"column":9},"end":{"line":27,"column":18}}]},"1":{"loc":{"start":{"line":54,"column":2},"end":{"line":54,"column":21}},"type":"default-arg","locations":[{"start":{"line":54,"column":13},"end":{"line":54,"column":21}}]},"2":{"loc":{"start":{"line":63,"column":10},"end":{"line":64,"column":141}},"type":"binary-expr","locations":[{"start":{"line":63,"column":10},"end":{"line":63,"column":31}},{"start":{"line":64,"column":12},"end":{"line":64,"column":141}}]},"3":{"loc":{"start":{"line":74,"column":12},"end":{"line":75,"column":115}},"type":"binary-expr","locations":[{"start":{"line":74,"column":12},"end":{"line":74,"column":33}},{"start":{"line":75,"column":14},"end":{"line":75,"column":115}}]}},"s":{"0":1,"1":1,"2":1,"3":1,"4":1,"5":1,"6":1,"7":1,"8":1,"9":1,"10":1,"11":1,"12":1,"13":1,"14":3,"15":0,"16":3,"17":3,"18":3,"19":0,"20":6,"21":0,"22":2,"23":2},"f":{"0":3,"1":0,"2":3,"3":3,"4":3,"5":0,"6":6,"7":0,"8":2,"9":2},"b":{"0":[3],"1":[3],"2":[3,3],"3":[3,3]}}
,"/Users/hopephilip/Desktop/Work/ny-articles/src/components/ui/skeleton.tsx": {"path":"/Users/hopephilip/Desktop/Work/ny-articles/src/components/ui/skeleton.tsx","statementMap":{"0":{"start":{"line":13,"column":9},"end":{"line":13,"column":17}},"1":{"start":{"line":1,"column":0},"end":{"line":1,"column":37}},"2":{"start":{"line":4,"column":2},"end":{"line":10,"column":4}}},"fnMap":{"0":{"name":"Skeleton","decl":{"start":{"line":3,"column":9},"end":{"line":3,"column":17}},"loc":{"start":{"line":3,"column":70},"end":{"line":11,"column":1}}}},"branchMap":{},"s":{"0":1,"1":1,"2":6},"f":{"0":6},"b":{}}
,"/Users/hopephilip/Desktop/Work/ny-articles/src/context/ArticleContext.tsx": {"path":"/Users/hopephilip/Desktop/Work/ny-articles/src/context/ArticleContext.tsx","statementMap":{"0":{"start":{"line":1,"column":0},"end":{"line":1,"column":38}},"1":{"start":{"line":9,"column":13},"end":{"line":11,"column":2}}},"fnMap":{},"branchMap":{},"s":{"0":2,"1":2},"f":{},"b":{}}
,"/Users/hopephilip/Desktop/Work/ny-articles/src/context/ArticleProvider.tsx": {"path":"/Users/hopephilip/Desktop/Work/ny-articles/src/context/ArticleProvider.tsx","statementMap":{"0":{"start":{"line":6,"column":0},"end":{"line":6,"column":16}},"1":{"start":{"line":1,"column":0},"end":{"line":1,"column":55}},"2":{"start":{"line":4,"column":0},"end":{"line":4,"column":50}},"3":{"start":{"line":7,"column":53},"end":{"line":8,"column":null}},"4":{"start":{"line":11,"column":2},"end":{"line":20,"column":9}},"5":{"start":{"line":12,"column":19},"end":{"line":12,"column":58}},"6":{"start":{"line":13,"column":4},"end":{"line":19,"column":5}},"7":{"start":{"line":14,"column":6},"end":{"line":18,"column":7}},"8":{"start":{"line":15,"column":8},"end":{"line":15,"column":52}},"9":{"start":{"line":17,"column":8},"end":{"line":17,"column":38}},"10":{"start":{"line":22,"column":29},"end":{"line":29,"column":3}},"11":{"start":{"line":23,"column":4},"end":{"line":23,"column":37}},"12":{"start":{"line":24,"column":4},"end":{"line":28,"column":5}},"13":{"start":{"line":25,"column":6},"end":{"line":25,"column":71}},"14":{"start":{"line":27,"column":6},"end":{"line":27,"column":49}},"15":{"start":{"line":31,"column":2},"end":{"line":35,"column":4}}},"fnMap":{"0":{"name":"ArticleProvider","decl":{"start":{"line":6,"column":16},"end":{"line":6,"column":31}},"loc":{"start":{"line":6,"column":69},"end":{"line":36,"column":1}}},"1":{"name":"(anonymous_1)","decl":{"start":{"line":11,"column":12},"end":{"line":11,"column":15}},"loc":{"start":{"line":11,"column":17},"end":{"line":20,"column":3}}},"2":{"name":"(anonymous_2)","decl":{"start":{"line":22,"column":29},"end":{"line":22,"column":30}},"loc":{"start":{"line":22,"column":57},"end":{"line":29,"column":3}}}},"branchMap":{"0":{"loc":{"start":{"line":13,"column":4},"end":{"line":19,"column":5}},"type":"if","locations":[{"start":{"line":13,"column":4},"end":{"line":19,"column":5}}]},"1":{"loc":{"start":{"line":24,"column":4},"end":{"line":28,"column":5}},"type":"if","locations":[{"start":{"line":24,"column":4},"end":{"line":28,"column":5}},{"start":{"line":26,"column":11},"end":{"line":28,"column":5}}]}},"s":{"0":2,"1":2,"2":2,"3":2,"4":2,"5":2,"6":2,"7":0,"8":0,"9":0,"10":2,"11":0,"12":0,"13":0,"14":0,"15":2},"f":{"0":2,"1":2,"2":0},"b":{"0":[0],"1":[0,0]}}
,"/Users/hopephilip/Desktop/Work/ny-articles/src/hooks/useArticle.ts": {"path":"/Users/hopephilip/Desktop/Work/ny-articles/src/hooks/useArticle.ts","statementMap":{"0":{"start":{"line":4,"column":0},"end":{"line":4,"column":16}},"1":{"start":{"line":1,"column":0},"end":{"line":1,"column":56}},"2":{"start":{"line":2,"column":0},"end":{"line":2,"column":59}},"3":{"start":{"line":5,"column":18},"end":{"line":5,"column":44}},"4":{"start":{"line":6,"column":48},"end":{"line":6,"column":74}},"5":{"start":{"line":8,"column":2},"end":{"line":10,"column":3}},"6":{"start":{"line":9,"column":4},"end":{"line":9,"column":73}},"7":{"start":{"line":12,"column":2},"end":{"line":14,"column":24}},"8":{"start":{"line":13,"column":4},"end":{"line":13,"column":62}},"9":{"start":{"line":16,"column":2},"end":{"line":16,"column":61}}},"fnMap":{"0":{"name":"useArticle","decl":{"start":{"line":4,"column":16},"end":{"line":4,"column":26}},"loc":{"start":{"line":4,"column":26},"end":{"line":17,"column":1}}},"1":{"name":"(anonymous_1)","decl":{"start":{"line":12,"column":12},"end":{"line":12,"column":15}},"loc":{"start":{"line":12,"column":17},"end":{"line":14,"column":3}}}},"branchMap":{"0":{"loc":{"start":{"line":8,"column":2},"end":{"line":10,"column":3}},"type":"if","locations":[{"start":{"line":8,"column":2},"end":{"line":10,"column":3}}]}},"s":{"0":2,"1":2,"2":2,"3":4,"4":4,"5":4,"6":0,"7":4,"8":2,"9":4},"f":{"0":4,"1":2},"b":{"0":[0]}}
,"/Users/hopephilip/Desktop/Work/ny-articles/src/lib/utils.ts": {"path":"/Users/hopephilip/Desktop/Work/ny-articles/src/lib/utils.ts","statementMap":{"0":{"start":{"line":4,"column":0},"end":{"line":4,"column":16}},"1":{"start":{"line":1,"column":0},"end":{"line":1,"column":45}},"2":{"start":{"line":2,"column":0},"end":{"line":2,"column":41}},"3":{"start":{"line":5,"column":2},"end":{"line":5,"column":31}}},"fnMap":{"0":{"name":"cn","decl":{"start":{"line":4,"column":16},"end":{"line":4,"column":18}},"loc":{"start":{"line":4,"column":42},"end":{"line":6,"column":1}}}},"branchMap":{},"s":{"0":2,"1":2,"2":2,"3":29},"f":{"0":29},"b":{}}
,"/Users/hopephilip/Desktop/Work/ny-articles/src/pages/ArticleDetailPage.tsx": {"path":"/Users/hopephilip/Desktop/Work/ny-articles/src/pages/ArticleDetailPage.tsx","statementMap":{"0":{"start":{"line":1,"column":0},"end":{"line":1,"column":47}},"1":{"start":{"line":2,"column":0},"end":{"line":2,"column":34}},"2":{"start":{"line":3,"column":0},"end":{"line":3,"column":49}},"3":{"start":{"line":4,"column":0},"end":{"line":4,"column":49}},"4":{"start":{"line":5,"column":0},"end":{"line":5,"column":47}},"5":{"start":{"line":6,"column":0},"end":{"line":6,"column":54}},"6":{"start":{"line":9,"column":19},"end":{"line":9,"column":32}},"7":{"start":{"line":10,"column":50},"end":{"line":10,"column":62}},"8":{"start":{"line":12,"column":2},"end":{"line":19,"column":44}},"9":{"start":{"line":13,"column":4},"end":{"line":18,"column":5}},"10":{"start":{"line":14,"column":21},"end":{"line":14,"column":60}},"11":{"start":{"line":15,"column":6},"end":{"line":17,"column":7}},"12":{"start":{"line":16,"column":8},"end":{"line":16,"column":47}},"13":{"start":{"line":21,"column":2},"end":{"line":27,"column":3}},"14":{"start":{"line":22,"column":4},"end":{"line":26,"column":6}},"15":{"start":{"line":30,"column":4},"end":{"line":33,"column":16}},"16":{"start":{"line":32,"column":8},"end":{"line":32,"column":45}},"17":{"start":{"line":35,"column":2},"end":{"line":119,"column":4}},"18":{"start":{"line":42,"column":23},"end":{"line":42,"column":35}},"19":{"start":{"line":83,"column":24},"end":{"line":83,"column":41}},"20":{"start":{"line":122,"column":0},"end":{"line":122,"column":33}}},"fnMap":{"0":{"name":"ArticleDetailPage","decl":{"start":{"line":8,"column":9},"end":{"line":8,"column":26}},"loc":{"start":{"line":8,"column":26},"end":{"line":120,"column":1}}},"1":{"name":"(anonymous_1)","decl":{"start":{"line":12,"column":12},"end":{"line":12,"column":15}},"loc":{"start":{"line":12,"column":17},"end":{"line":19,"column":3}}},"2":{"name":"(anonymous_2)","decl":{"start":{"line":31,"column":6},"end":{"line":31,"column":7}},"loc":{"start":{"line":32,"column":8},"end":{"line":32,"column":45}}},"3":{"name":"(anonymous_3)","decl":{"start":{"line":42,"column":17},"end":{"line":42,"column":20}},"loc":{"start":{"line":42,"column":23},"end":{"line":42,"column":35}}},"4":{"name":"(anonymous_4)","decl":{"start":{"line":82,"column":22},"end":{"line":82,"column":23}},"loc":{"start":{"line":83,"column":24},"end":{"line":83,"column":41}}}},"branchMap":{"0":{"loc":{"start":{"line":13,"column":4},"end":{"line":18,"column":5}},"type":"if","locations":[{"start":{"line":13,"column":4},"end":{"line":18,"column":5}}]},"1":{"loc":{"start":{"line":15,"column":6},"end":{"line":17,"column":7}},"type":"if","locations":[{"start":{"line":15,"column":6},"end":{"line":17,"column":7}}]},"2":{"loc":{"start":{"line":21,"column":2},"end":{"line":27,"column":3}},"type":"if","locations":[{"start":{"line":21,"column":2},"end":{"line":27,"column":3}}]},"3":{"loc":{"start":{"line":30,"column":4},"end":{"line":33,"column":16}},"type":"binary-expr","locations":[{"start":{"line":30,"column":4},"end":{"line":33,"column":10}},{"start":{"line":33,"column":14},"end":{"line":33,"column":16}}]},"4":{"loc":{"start":{"line":50,"column":11},"end":{"line":55,"column":null}},"type":"binary-expr","locations":[{"start":{"line":50,"column":11},"end":{"line":50,"column":19}},{"start":{"line":51,"column":12},"end":{"line":54,"column":null}}]},"5":{"loc":{"start":{"line":53,"column":19},"end":{"line":53,"column":73}},"type":"binary-expr","locations":[{"start":{"line":53,"column":19},"end":{"line":53,"column":54}},{"start":{"line":53,"column":58},"end":{"line":53,"column":73}}]},"6":{"loc":{"start":{"line":68,"column":13},"end":{"line":72,"column":null}},"type":"binary-expr","locations":[{"start":{"line":68,"column":13},"end":{"line":68,"column":37}},{"start":{"line":69,"column":14},"end":{"line":71,"column":null}}]},"7":{"loc":{"start":{"line":76,"column":13},"end":{"line":87,"column":null}},"type":"binary-expr","locations":[{"start":{"line":76,"column":13},"end":{"line":76,"column":38}},{"start":{"line":77,"column":14},"end":{"line":77,"column":50}},{"start":{"line":78,"column":16},"end":{"line":86,"column":null}}]},"8":{"loc":{"start":{"line":101,"column":9},"end":{"line":104,"column":null}},"type":"binary-expr","locations":[{"start":{"line":101,"column":9},"end":{"line":101,"column":44}},{"start":{"line":102,"column":10},"end":{"line":103,"column":null}}]}},"s":{"0":1,"1":1,"2":1,"3":1,"4":1,"5":1,"6":1,"7":1,"8":1,"9":1,"10":1,"11":1,"12":0,"13":1,"14":1,"15":0,"16":0,"17":0,"18":0,"19":0,"20":1},"f":{"0":1,"1":1,"2":0,"3":0,"4":0},"b":{"0":[1],"1":[0],"2":[1],"3":[0,0],"4":[0,0],"5":[0,0],"6":[0,0],"7":[0,0,0],"8":[0,0]}}
,"/Users/hopephilip/Desktop/Work/ny-articles/src/pages/HomePage.tsx": {"path":"/Users/hopephilip/Desktop/Work/ny-articles/src/pages/HomePage.tsx","statementMap":{"0":{"start":{"line":1,"column":0},"end":{"line":1,"column":44}},"1":{"start":{"line":2,"column":0},"end":{"line":2,"column":47}},"2":{"start":{"line":3,"column":0},"end":{"line":3,"column":59}},"3":{"start":{"line":4,"column":0},"end":{"line":4,"column":60}},"4":{"start":{"line":5,"column":0},"end":{"line":5,"column":null}},"5":{"start":{"line":12,"column":0},"end":{"line":12,"column":53}},"6":{"start":{"line":14,"column":0},"end":{"line":14,"column":49}},"7":{"start":{"line":17,"column":30},"end":{"line":17,"column":41}},"8":{"start":{"line":18,"column":34},"end":{"line":18,"column":57}},"9":{"start":{"line":19,"column":32},"end":{"line":19,"column":47}},"10":{"start":{"line":20,"column":28},"end":{"line":20,"column":57}},"11":{"start":{"line":21,"column":19},"end":{"line":21,"column":32}},"12":{"start":{"line":22,"column":33},"end":{"line":22,"column":45}},"13":{"start":{"line":24,"column":2},"end":{"line":53,"column":15}},"14":{"start":{"line":25,"column":25},"end":{"line":50,"column":5}},"15":{"start":{"line":26,"column":6},"end":{"line":26,"column":23}},"16":{"start":{"line":27,"column":6},"end":{"line":27,"column":21}},"17":{"start":{"line":28,"column":6},"end":{"line":49,"column":7}},"18":{"start":{"line":29,"column":24},"end":{"line":29,"column":51}},"19":{"start":{"line":30,"column":41},"end":{"line":43,"column":11}},"20":{"start":{"line":30,"column":67},"end":{"line":43,"column":10}},"21":{"start":{"line":44,"column":8},"end":{"line":44,"column":35}},"22":{"start":{"line":45,"column":8},"end":{"line":45,"column":26}},"23":{"start":{"line":47,"column":8},"end":{"line":47,"column":69}},"24":{"start":{"line":48,"column":8},"end":{"line":48,"column":26}},"25":{"start":{"line":52,"column":4},"end":{"line":52,"column":19}},"26":{"start":{"line":55,"column":29},"end":{"line":59,"column":3}},"27":{"start":{"line":56,"column":4},"end":{"line":56,"column":46}},"28":{"start":{"line":57,"column":4},"end":{"line":57,"column":32}},"29":{"start":{"line":58,"column":4},"end":{"line":58,"column":39}},"30":{"start":{"line":61,"column":2},"end":{"line":93,"column":4}},"31":{"start":{"line":66,"column":36},"end":{"line":66,"column":60}},"32":{"start":{"line":84,"column":12},"end":{"line":84,"column":34}},"33":{"start":{"line":96,"column":0},"end":{"line":96,"column":24}}},"fnMap":{"0":{"name":"HomePage","decl":{"start":{"line":16,"column":9},"end":{"line":16,"column":17}},"loc":{"start":{"line":16,"column":17},"end":{"line":94,"column":1}}},"1":{"name":"(anonymous_2)","decl":{"start":{"line":24,"column":12},"end":{"line":24,"column":15}},"loc":{"start":{"line":24,"column":17},"end":{"line":53,"column":3}}},"2":{"name":"(anonymous_3)","decl":{"start":{"line":25,"column":25},"end":{"line":25,"column":30}},"loc":{"start":{"line":25,"column":36},"end":{"line":50,"column":5}}},"3":{"name":"(anonymous_4)","decl":{"start":{"line":30,"column":53},"end":{"line":30,"column":54}},"loc":{"start":{"line":30,"column":67},"end":{"line":43,"column":10}}},"4":{"name":"(anonymous_5)","decl":{"start":{"line":55,"column":29},"end":{"line":55,"column":30}},"loc":{"start":{"line":55,"column":50},"end":{"line":59,"column":3}}},"5":{"name":"(anonymous_6)","decl":{"start":{"line":66,"column":25},"end":{"line":66,"column":26}},"loc":{"start":{"line":66,"column":36},"end":{"line":66,"column":60}}},"6":{"name":"(anonymous_7)","decl":{"start":{"line":83,"column":41},"end":{"line":83,"column":42}},"loc":{"start":{"line":84,"column":12},"end":{"line":84,"column":34}}}},"branchMap":{"0":{"loc":{"start":{"line":32,"column":17},"end":{"line":32,"column":36}},"type":"binary-expr","locations":[{"start":{"line":32,"column":17},"end":{"line":32,"column":30}},{"start":{"line":32,"column":34},"end":{"line":32,"column":36}}]},"1":{"loc":{"start":{"line":33,"column":18},"end":{"line":33,"column":38}},"type":"binary-expr","locations":[{"start":{"line":33,"column":18},"end":{"line":33,"column":32}},{"start":{"line":33,"column":36},"end":{"line":33,"column":38}}]},"2":{"loc":{"start":{"line":34,"column":20},"end":{"line":34,"column":42}},"type":"binary-expr","locations":[{"start":{"line":34,"column":20},"end":{"line":34,"column":36}},{"start":{"line":34,"column":40},"end":{"line":34,"column":42}}]},"3":{"loc":{"start":{"line":35,"column":25},"end":{"line":35,"column":53}},"type":"binary-expr","locations":[{"start":{"line":35,"column":25},"end":{"line":35,"column":47}},{"start":{"line":35,"column":51},"end":{"line":35,"column":53}}]},"4":{"loc":{"start":{"line":36,"column":17},"end":{"line":36,"column":36}},"type":"binary-expr","locations":[{"start":{"line":36,"column":17},"end":{"line":36,"column":30}},{"start":{"line":36,"column":34},"end":{"line":36,"column":36}}]},"5":{"loc":{"start":{"line":37,"column":15},"end":{"line":37,"column":32}},"type":"binary-expr","locations":[{"start":{"line":37,"column":15},"end":{"line":37,"column":26}},{"start":{"line":37,"column":30},"end":{"line":37,"column":32}}]},"6":{"loc":{"start":{"line":38,"column":19},"end":{"line":38,"column":40}},"type":"binary-expr","locations":[{"start":{"line":38,"column":19},"end":{"line":38,"column":34}},{"start":{"line":38,"column":38},"end":{"line":38,"column":40}}]},"7":{"loc":{"start":{"line":39,"column":18},"end":{"line":39,"column":38}},"type":"binary-expr","locations":[{"start":{"line":39,"column":18},"end":{"line":39,"column":32}},{"start":{"line":39,"column":36},"end":{"line":39,"column":38}}]},"8":{"loc":{"start":{"line":40,"column":21},"end":{"line":40,"column":44}},"type":"binary-expr","locations":[{"start":{"line":40,"column":21},"end":{"line":40,"column":38}},{"start":{"line":40,"column":42},"end":{"line":40,"column":44}}]},"9":{"loc":{"start":{"line":41,"column":20},"end":{"line":41,"column":46}},"type":"binary-expr","locations":[{"start":{"line":41,"column":20},"end":{"line":41,"column":40}},{"start":{"line":41,"column":44},"end":{"line":41,"column":46}}]},"10":{"loc":{"start":{"line":42,"column":21},"end":{"line":42,"column":44}},"type":"binary-expr","locations":[{"start":{"line":42,"column":21},"end":{"line":42,"column":38}},{"start":{"line":42,"column":42},"end":{"line":42,"column":44}}]},"11":{"loc":{"start":{"line":79,"column":7},"end":{"line":90,"column":null}},"type":"cond-expr","locations":[{"start":{"line":80,"column":8},"end":{"line":80,"column":63}},{"start":{"line":81,"column":10},"end":{"line":90,"column":null}}]},"12":{"loc":{"start":{"line":81,"column":10},"end":{"line":90,"column":null}},"type":"cond-expr","locations":[{"start":{"line":82,"column":8},"end":{"line":85,"column":null}},{"start":{"line":88,"column":8},"end":{"line":89,"column":null}}]}},"s":{"0":1,"1":1,"2":1,"3":1,"4":1,"5":1,"6":1,"7":3,"8":3,"9":3,"10":3,"11":3,"12":3,"13":3,"14":1,"15":1,"16":1,"17":1,"18":1,"19":1,"20":1,"21":1,"22":1,"23":0,"24":0,"25":1,"26":3,"27":0,"28":0,"29":0,"30":3,"31":0,"32":6,"33":1},"f":{"0":3,"1":1,"2":1,"3":1,"4":0,"5":0,"6":6},"b":{"0":[1,0],"1":[1,0],"2":[1,1],"3":[1,1],"4":[1,0],"5":[1,0],"6":[1,0],"7":[1,0],"8":[1,1],"9":[1,1],"10":[1,1],"11":[0,3],"12":[1,2]}}
,"/Users/hopephilip/Desktop/Work/ny-articles/src/services/articleService.ts": {"path":"/Users/hopephilip/Desktop/Work/ny-articles/src/services/articleService.ts","statementMap":{"0":{"start":{"line":1,"column":0},"end":{"line":1,"column":26}},"1":{"start":{"line":28,"column":16},"end":{"line":28,"column":56}},"2":{"start":{"line":29,"column":15},"end":{"line":29,"column":54}},"3":{"start":{"line":31,"column":29},"end":{"line":47,"column":1}},"4":{"start":{"line":34,"column":2},"end":{"line":36,"column":3}},"5":{"start":{"line":35,"column":4},"end":{"line":35,"column":43}},"6":{"start":{"line":37,"column":2},"end":{"line":39,"column":3}},"7":{"start":{"line":38,"column":4},"end":{"line":38,"column":44}},"8":{"start":{"line":41,"column":14},"end":{"line":41,"column":76}},"9":{"start":{"line":42,"column":19},"end":{"line":42,"column":39}},"10":{"start":{"line":43,"column":2},"end":{"line":45,"column":3}},"11":{"start":{"line":44,"column":4},"end":{"line":44,"column":48}},"12":{"start":{"line":46,"column":2},"end":{"line":46,"column":31}},"13":{"start":{"line":31,"column":13},"end":{"line":31,"column":29}}},"fnMap":{"0":{"name":"(anonymous_1)","decl":{"start":{"line":31,"column":29},"end":{"line":31,"column":34}},"loc":{"start":{"line":33,"column":32},"end":{"line":47,"column":1}}}},"branchMap":{"0":{"loc":{"start":{"line":28,"column":16},"end":{"line":28,"column":56}},"type":"binary-expr","locations":[{"start":{"line":28,"column":16},"end":{"line":28,"column":50}},{"start":{"line":28,"column":54},"end":{"line":28,"column":56}}]},"1":{"loc":{"start":{"line":29,"column":15},"end":{"line":29,"column":54}},"type":"binary-expr","locations":[{"start":{"line":29,"column":15},"end":{"line":29,"column":48}},{"start":{"line":29,"column":52},"end":{"line":29,"column":54}}]},"2":{"loc":{"start":{"line":34,"column":2},"end":{"line":36,"column":3}},"type":"if","locations":[{"start":{"line":34,"column":2},"end":{"line":36,"column":3}}]},"3":{"loc":{"start":{"line":37,"column":2},"end":{"line":39,"column":3}},"type":"if","locations":[{"start":{"line":37,"column":2},"end":{"line":39,"column":3}}]},"4":{"loc":{"start":{"line":43,"column":2},"end":{"line":45,"column":3}},"type":"if","locations":[{"start":{"line":43,"column":2},"end":{"line":45,"column":3}}]}},"s":{"0":1,"1":1,"2":1,"3":1,"4":0,"5":0,"6":0,"7":0,"8":0,"9":0,"10":0,"11":0,"12":0,"13":1},"f":{"0":0},"b":{"0":[1,1],"1":[1,1],"2":[0],"3":[0],"4":[0]}}
}
