TN:
SF:src/components/layout.tsx
FN:3,Layout
FNF:1
FNH:1
FNDA:1,Layout
DA:1,1
DA:4,1
DA:18,1
LF:3
LH:3
BRF:0
BRH:0
end_of_record
TN:
SF:src/components/Article/ArticleList.tsx
FN:6,ArticleList
FN:12,(anonymous_1)
FN:15,(anonymous_2)
FNF:3
FNH:2
FNDA:2,ArticleList
FNDA:1,(anonymous_1)
FNDA:0,(anonymous_2)
DA:1,1
DA:2,1
DA:6,1
DA:7,2
DA:8,1
DA:10,1
DA:13,1
DA:15,0
LF:8
LH:7
BRDA:7,0,0,1
BRDA:21,1,0,1
BRDA:21,1,1,0
BRDA:37,2,0,1
BRDA:37,2,1,0
BRDA:45,3,0,1
BRDA:45,3,1,1
BRDA:48,4,0,1
BRDA:48,4,1,1
BRF:9
BRH:7
end_of_record
TN:
SF:src/components/ui/badge.tsx
FN:28,Badge
FNF:1
FNH:1
FNDA:2,Badge
DA:1,2
DA:2,2
DA:3,2
DA:5,2
DA:7,2
DA:35,2
DA:37,2
DA:46,2
LF:8
LH:8
BRDA:31,0,0,2
BRDA:35,1,0,0
BRDA:35,1,1,2
BRF:3
BRH:2
end_of_record
TN:
SF:src/components/ui/button.tsx
FN:37,Button
FNF:1
FNH:0
FNDA:0,Button
DA:1,1
DA:2,1
DA:3,1
DA:5,1
DA:7,1
DA:47,0
DA:49,0
DA:58,1
LF:8
LH:6
BRDA:41,0,0,0
BRDA:47,1,0,0
BRDA:47,1,1,0
BRF:3
BRH:0
end_of_record
TN:
SF:src/components/ui/card.tsx
FN:5,Card
FN:18,CardHeader
FN:31,CardTitle
FN:41,CardDescription
FN:51,CardAction
FN:64,CardContent
FN:74,CardFooter
FNF:7
FNH:2
FNDA:1,Card
FNDA:0,CardHeader
FNDA:0,CardTitle
FNDA:0,CardDescription
FNDA:0,CardAction
FNDA:1,CardContent
FNDA:0,CardFooter
DA:1,1
DA:3,1
DA:6,1
DA:19,0
DA:32,0
DA:42,0
DA:52,0
DA:65,1
DA:75,0
DA:85,1
DA:86,1
DA:87,1
DA:88,1
DA:89,1
DA:90,1
DA:91,1
LF:16
LH:11
BRF:0
BRH:0
end_of_record
TN:
SF:src/components/ui/select.tsx
FN:7,Select
FN:13,SelectGroup
FN:19,SelectValue
FN:25,SelectTrigger
FN:51,SelectContent
FN:86,SelectLabel
FN:99,SelectItem
FN:123,SelectSeparator
FN:136,SelectScrollUpButton
FN:154,SelectScrollDownButton
FNF:10
FNH:7
FNDA:3,Select
FNDA:0,SelectGroup
FNDA:3,SelectValue
FNDA:3,SelectTrigger
FNDA:3,SelectContent
FNDA:0,SelectLabel
FNDA:6,SelectItem
FNDA:0,SelectSeparator
FNDA:2,SelectScrollUpButton
FNDA:2,SelectScrollDownButton
DA:1,1
DA:2,1
DA:3,1
DA:5,1
DA:10,3
DA:16,0
DA:22,3
DA:33,3
DA:57,3
DA:90,0
DA:104,6
DA:127,0
DA:140,2
DA:158,2
DA:173,1
DA:174,1
DA:175,1
DA:176,1
DA:177,1
DA:178,1
DA:179,1
DA:180,1
DA:181,1
DA:182,1
LF:24
LH:21
BRDA:27,0,0,3
BRDA:54,1,0,3
BRDA:63,2,0,3
BRDA:63,2,1,3
BRDA:74,3,0,3
BRDA:74,3,1,3
BRF:6
BRH:6
end_of_record
TN:
SF:src/components/ui/skeleton.tsx
FN:3,Skeleton
FNF:1
FNH:1
FNDA:6,Skeleton
DA:1,1
DA:4,6
DA:13,1
LF:3
LH:3
BRF:0
BRH:0
end_of_record
TN:
SF:src/context/ArticleContext.tsx
FNF:0
FNH:0
DA:1,2
DA:9,2
LF:2
LH:2
BRF:0
BRH:0
end_of_record
TN:
SF:src/context/ArticleProvider.tsx
FN:6,ArticleProvider
FN:11,(anonymous_1)
FN:22,(anonymous_2)
FNF:3
FNH:2
FNDA:2,ArticleProvider
FNDA:2,(anonymous_1)
FNDA:0,(anonymous_2)
DA:1,2
DA:4,2
DA:6,2
DA:7,2
DA:11,2
DA:12,2
DA:13,2
DA:14,0
DA:15,0
DA:17,0
DA:22,2
DA:23,0
DA:24,0
DA:25,0
DA:27,0
DA:31,2
LF:16
LH:9
BRDA:13,0,0,0
BRDA:24,1,0,0
BRDA:24,1,1,0
BRF:3
BRH:0
end_of_record
TN:
SF:src/hooks/useArticle.ts
FN:4,useArticle
FN:12,(anonymous_1)
FNF:2
FNH:2
FNDA:4,useArticle
FNDA:2,(anonymous_1)
DA:1,2
DA:2,2
DA:4,2
DA:5,4
DA:6,4
DA:8,4
DA:9,0
DA:12,4
DA:13,2
DA:16,4
LF:10
LH:9
BRDA:8,0,0,0
BRF:1
BRH:0
end_of_record
TN:
SF:src/lib/utils.ts
FN:4,cn
FNF:1
FNH:1
FNDA:29,cn
DA:1,2
DA:2,2
DA:4,2
DA:5,29
LF:4
LH:4
BRF:0
BRH:0
end_of_record
TN:
SF:src/pages/ArticleDetailPage.tsx
FN:8,ArticleDetailPage
FN:12,(anonymous_1)
FN:31,(anonymous_2)
FN:42,(anonymous_3)
FN:82,(anonymous_4)
FNF:5
FNH:2
FNDA:1,ArticleDetailPage
FNDA:1,(anonymous_1)
FNDA:0,(anonymous_2)
FNDA:0,(anonymous_3)
FNDA:0,(anonymous_4)
DA:1,1
DA:2,1
DA:3,1
DA:4,1
DA:5,1
DA:6,1
DA:9,1
DA:10,1
DA:12,1
DA:13,1
DA:14,1
DA:15,1
DA:16,0
DA:21,1
DA:22,1
DA:30,0
DA:32,0
DA:35,0
DA:42,0
DA:83,0
DA:122,1
LF:21
LH:15
BRDA:13,0,0,1
BRDA:15,1,0,0
BRDA:21,2,0,1
BRDA:30,3,0,0
BRDA:30,3,1,0
BRDA:50,4,0,0
BRDA:50,4,1,0
BRDA:53,5,0,0
BRDA:53,5,1,0
BRDA:68,6,0,0
BRDA:68,6,1,0
BRDA:76,7,0,0
BRDA:76,7,1,0
BRDA:76,7,2,0
BRDA:101,8,0,0
BRDA:101,8,1,0
BRF:16
BRH:2
end_of_record
TN:
SF:src/pages/HomePage.tsx
FN:16,HomePage
FN:24,(anonymous_2)
FN:25,(anonymous_3)
FN:30,(anonymous_4)
FN:55,(anonymous_5)
FN:66,(anonymous_6)
FN:83,(anonymous_7)
FNF:7
FNH:5
FNDA:3,HomePage
FNDA:1,(anonymous_2)
FNDA:1,(anonymous_3)
FNDA:1,(anonymous_4)
FNDA:0,(anonymous_5)
FNDA:0,(anonymous_6)
FNDA:6,(anonymous_7)
DA:1,1
DA:2,1
DA:3,1
DA:4,1
DA:5,1
DA:12,1
DA:14,1
DA:17,3
DA:18,3
DA:19,3
DA:20,3
DA:21,3
DA:22,3
DA:24,3
DA:25,1
DA:26,1
DA:27,1
DA:28,1
DA:29,1
DA:30,1
DA:44,1
DA:45,1
DA:47,0
DA:48,0
DA:52,1
DA:55,3
DA:56,0
DA:57,0
DA:58,0
DA:61,3
DA:66,0
DA:84,6
DA:96,1
LF:33
LH:27
BRDA:32,0,0,1
BRDA:32,0,1,0
BRDA:33,1,0,1
BRDA:33,1,1,0
BRDA:34,2,0,1
BRDA:34,2,1,1
BRDA:35,3,0,1
BRDA:35,3,1,1
BRDA:36,4,0,1
BRDA:36,4,1,0
BRDA:37,5,0,1
BRDA:37,5,1,0
BRDA:38,6,0,1
BRDA:38,6,1,0
BRDA:39,7,0,1
BRDA:39,7,1,0
BRDA:40,8,0,1
BRDA:40,8,1,1
BRDA:41,9,0,1
BRDA:41,9,1,1
BRDA:42,10,0,1
BRDA:42,10,1,1
BRDA:79,11,0,0
BRDA:79,11,1,3
BRDA:81,12,0,1
BRDA:81,12,1,2
BRF:26
BRH:19
end_of_record
TN:
SF:src/services/articleService.ts
FN:31,(anonymous_1)
FNF:1
FNH:0
FNDA:0,(anonymous_1)
DA:1,1
DA:28,1
DA:29,1
DA:31,1
DA:34,0
DA:35,0
DA:37,0
DA:38,0
DA:41,0
DA:42,0
DA:43,0
DA:44,0
DA:46,0
LF:13
LH:4
BRDA:28,0,0,1
BRDA:28,0,1,1
BRDA:29,1,0,1
BRDA:29,1,1,1
BRDA:34,2,0,0
BRDA:37,3,0,0
BRDA:43,4,0,0
BRF:7
BRH:4
end_of_record
